Build started 2011-05-29 21:19:31.
     1>Project "C:\Users\Skakke\Desktop\CubeWorldsistasistakanske\CubeWorld\Code\CubeWorld.vcxproj" on node 2 (build target(s)).
     1>InitializeBuildStatus:
         Creating "C:\Users\Skakke\Desktop\CubeWorldsistasistakanske\CubeWorld\Code\../Obj/x86/Debug/CubeWorld.unsuccessfulbuild" because "AlwaysCreate" was specified.
       _FXC:
         Compiling HLSL shaders using FXC...
         cmd.exe /C "C:\Users\Skakke\AppData\Local\Temp\11d993116f3c429aa75291ac2e5867d4.cmd"
         fxc.exe /Cc /T fx_5_0 /Ges       ..\Bin\Shaders\fire.fx
     1>C:\Users\Skakke\Desktop\CubeWorldsistasistakanske\CubeWorld\Bin\Shaders\fire.fx(65,9): warning X3206: implicit truncation of vector type
         
       _FXC:
         Compiling HLSL shaders using FXC...
         cmd.exe /C "C:\Users\Skakke\AppData\Local\Temp\6fd06ba4c3e44fbfa8a4bba6ff22a394.cmd"
         fxc.exe /Cc /T fx_5_0 /Ges       ..\Bin\Shaders\hud.fx
     1>light.fx(29,11): warning X3206: implicit truncation of vector type
     1>light.fx(44,12): warning X3206: implicit truncation of vector type
     1>light.fx(45,12): warning X3206: implicit truncation of vector type
     1>light.fx(68,11): warning X3206: implicit truncation of vector type
     1>light.fx(83,12): warning X3206: implicit truncation of vector type
     1>light.fx(84,12): warning X3206: implicit truncation of vector type
     1>C:\Users\Skakke\Desktop\CubeWorldsistasistakanske\CubeWorld\Bin\Shaders\hud.fx(47,15): warning X3206: implicit truncation of vector type
     1>C:\Users\Skakke\Desktop\CubeWorldsistasistakanske\CubeWorld\Bin\Shaders\hud.fx(48,12): warning X3206: implicit truncation of vector type
         
       _FXC:
         Compiling HLSL shaders using FXC...
         cmd.exe /C "C:\Users\Skakke\AppData\Local\Temp\69b0359601d1455680e912287ee61456.cmd"
         fxc.exe /Cc /T fx_5_0 /Ges       ..\Bin\Shaders\light.fx
     1>C:\Users\Skakke\Desktop\CubeWorldsistasistakanske\CubeWorld\Bin\Shaders\light.fx(29,11): warning X3206: implicit truncation of vector type
     1>C:\Users\Skakke\Desktop\CubeWorldsistasistakanske\CubeWorld\Bin\Shaders\light.fx(44,12): warning X3206: implicit truncation of vector type
     1>C:\Users\Skakke\Desktop\CubeWorldsistasistakanske\CubeWorld\Bin\Shaders\light.fx(45,12): warning X3206: implicit truncation of vector type
     1>C:\Users\Skakke\Desktop\CubeWorldsistasistakanske\CubeWorld\Bin\Shaders\light.fx(68,11): warning X3206: implicit truncation of vector type
     1>C:\Users\Skakke\Desktop\CubeWorldsistasistakanske\CubeWorld\Bin\Shaders\light.fx(83,12): warning X3206: implicit truncation of vector type
     1>C:\Users\Skakke\Desktop\CubeWorldsistasistakanske\CubeWorld\Bin\Shaders\light.fx(84,12): warning X3206: implicit truncation of vector type
         
       _FXC:
         Compiling HLSL shaders using FXC...
         cmd.exe /C "C:\Users\Skakke\AppData\Local\Temp\8cb81e5f432e4b52a139ea75828c8192.cmd"
         fxc.exe /Cc /T fx_5_0 /Ges       ..\Bin\Shaders\move.fx
     1>C:\Users\Skakke\Desktop\CubeWorldsistasistakanske\CubeWorld\Bin\Shaders\move.fx(65,9): warning X3206: implicit truncation of vector type
         
       _FXC:
         Compiling HLSL shaders using FXC...
         cmd.exe /C "C:\Users\Skakke\AppData\Local\Temp\fe8f8d0bf7a9495f8e7f9d7a44f1169b.cmd"
         fxc.exe /Cc /T fx_5_0 /Ges       ..\Bin\Shaders\sky.fx
     1>C:\Users\Skakke\Desktop\CubeWorldsistasistakanske\CubeWorld\Bin\Shaders\sky.fx(35,15): warning X3206: implicit truncation of vector type
     1>C:\Users\Skakke\Desktop\CubeWorldsistasistakanske\CubeWorld\Bin\Shaders\sky.fx(36,12): warning X3206: implicit truncation of vector type
         
       _FXC:
         Compiling HLSL shaders using FXC...
         cmd.exe /C "C:\Users\Skakke\AppData\Local\Temp\25a00285d1da45fe9da36414add0b848.cmd"
         fxc.exe /Cc /T fx_5_0 /Ges       ..\Bin\Shaders\vertex.fx
     1>light.fx(29,11): warning X3206: implicit truncation of vector type
     1>light.fx(44,12): warning X3206: implicit truncation of vector type
     1>light.fx(45,12): warning X3206: implicit truncation of vector type
     1>light.fx(68,11): warning X3206: implicit truncation of vector type
     1>light.fx(83,12): warning X3206: implicit truncation of vector type
     1>light.fx(84,12): warning X3206: implicit truncation of vector type
     1>C:\Users\Skakke\Desktop\CubeWorldsistasistakanske\CubeWorld\Bin\Shaders\vertex.fx(48,15): warning X3206: implicit truncation of vector type
     1>C:\Users\Skakke\Desktop\CubeWorldsistasistakanske\CubeWorld\Bin\Shaders\vertex.fx(49,12): warning X3206: implicit truncation of vector type
         
       ClCompile:
         C:\Program Files (x86)\Microsoft Visual Studio 10.0\VC\bin\CL.exe /c /I..\Common /Zi /nologo /W3 /WX- /Od /Oy- /D WIN32 /D _DEBUG /D _WINDOWS /D _MBCS /Gm /EHsc /RTC1 /MDd /GS /fp:precise /Zc:wchar_t /Zc:forScope /Fo"C:\Users\Skakke\Desktop\CubeWorldsistasistakanske\CubeWorld\Code\../Obj/x86/Debug/" /Fd"C:\Users\Skakke\Desktop\CubeWorldsistasistakanske\CubeWorld\Code\../Obj/x86/Debug/vc100.pdb" /Gd /TP /analyze- /errorReport:prompt Cube.cpp Winmain.cpp
         Cube.cpp
     1>Cube.cpp(2474): warning C4244: 'argument' : conversion from 'int' to 'FLOAT', possible loss of data
     1>Cube.cpp(2488): warning C4244: 'argument' : conversion from 'int' to 'FLOAT', possible loss of data
     1>Cube.cpp(2502): warning C4244: 'argument' : conversion from 'int' to 'FLOAT', possible loss of data
     1>Cube.cpp(2516): warning C4244: 'argument' : conversion from 'int' to 'FLOAT', possible loss of data
     1>Cube.cpp(2530): warning C4244: 'argument' : conversion from 'int' to 'FLOAT', possible loss of data
     1>Cube.cpp(2544): warning C4244: 'argument' : conversion from 'int' to 'FLOAT', possible loss of data
     1>Cube.cpp(2560): warning C4244: 'argument' : conversion from 'int' to 'FLOAT', possible loss of data
     1>Cube.cpp(2574): warning C4244: 'argument' : conversion from 'int' to 'FLOAT', possible loss of data
     1>Cube.cpp(2588): warning C4244: 'argument' : conversion from 'int' to 'FLOAT', possible loss of data
     1>Cube.cpp(2602): warning C4244: 'argument' : conversion from 'int' to 'FLOAT', possible loss of data
     1>Cube.cpp(2616): warning C4244: 'argument' : conversion from 'int' to 'FLOAT', possible loss of data
     1>Cube.cpp(2630): warning C4244: 'argument' : conversion from 'int' to 'FLOAT', possible loss of data
     1>Cube.cpp(2646): warning C4244: 'argument' : conversion from 'int' to 'FLOAT', possible loss of data
     1>Cube.cpp(2660): warning C4244: 'argument' : conversion from 'int' to 'FLOAT', possible loss of data
     1>Cube.cpp(2674): warning C4244: 'argument' : conversion from 'int' to 'FLOAT', possible loss of data
     1>Cube.cpp(2688): warning C4244: 'argument' : conversion from 'int' to 'FLOAT', possible loss of data
     1>Cube.cpp(2702): warning C4244: 'argument' : conversion from 'int' to 'FLOAT', possible loss of data
     1>Cube.cpp(2716): warning C4244: 'argument' : conversion from 'int' to 'FLOAT', possible loss of data
     1>Cube.cpp(2732): warning C4244: 'argument' : conversion from 'int' to 'FLOAT', possible loss of data
     1>Cube.cpp(2746): warning C4244: 'argument' : conversion from 'int' to 'FLOAT', possible loss of data
     1>Cube.cpp(2760): warning C4244: 'argument' : conversion from 'int' to 'FLOAT', possible loss of data
     1>Cube.cpp(2774): warning C4244: 'argument' : conversion from 'int' to 'FLOAT', possible loss of data
     1>Cube.cpp(2788): warning C4244: 'argument' : conversion from 'int' to 'FLOAT', possible loss of data
     1>Cube.cpp(2802): warning C4244: 'argument' : conversion from 'int' to 'FLOAT', possible loss of data
     1>Cube.cpp(2818): warning C4244: 'argument' : conversion from 'int' to 'FLOAT', possible loss of data
     1>Cube.cpp(2832): warning C4244: 'argument' : conversion from 'int' to 'FLOAT', possible loss of data
     1>Cube.cpp(2846): warning C4244: 'argument' : conversion from 'int' to 'FLOAT', possible loss of data
     1>Cube.cpp(2860): warning C4244: 'argument' : conversion from 'int' to 'FLOAT', possible loss of data
     1>Cube.cpp(2874): warning C4244: 'argument' : conversion from 'int' to 'FLOAT', possible loss of data
     1>Cube.cpp(2888): warning C4244: 'argument' : conversion from 'int' to 'FLOAT', possible loss of data
     1>Cube.cpp(2904): warning C4244: 'argument' : conversion from 'int' to 'FLOAT', possible loss of data
     1>Cube.cpp(2918): warning C4244: 'argument' : conversion from 'int' to 'FLOAT', possible loss of data
     1>Cube.cpp(2932): warning C4244: 'argument' : conversion from 'int' to 'FLOAT', possible loss of data
     1>Cube.cpp(2946): warning C4244: 'argument' : conversion from 'int' to 'FLOAT', possible loss of data
     1>Cube.cpp(2960): warning C4244: 'argument' : conversion from 'int' to 'FLOAT', possible loss of data
     1>Cube.cpp(2974): warning C4244: 'argument' : conversion from 'int' to 'FLOAT', possible loss of data
     1>Cube.cpp(3307): warning C4305: 'initializing' : truncation from 'double' to 'float'
     1>Cube.cpp(3524): warning C4018: '<' : signed/unsigned mismatch
         Generating Code...
         Compiling...
         Winmain.cpp
     1>Winmain.cpp(473): warning C4244: '=' : conversion from 'float' to 'LONG', possible loss of data
     1>Winmain.cpp(474): warning C4244: '=' : conversion from 'float' to 'LONG', possible loss of data
     1>Winmain.cpp(480): warning C4244: '=' : conversion from 'float' to 'LONG', possible loss of data
     1>Winmain.cpp(481): warning C4244: '=' : conversion from 'float' to 'LONG', possible loss of data
         Generating Code...
       ManifestResourceCompile:
         All outputs are up-to-date.
       Link:
         C:\Program Files (x86)\Microsoft Visual Studio 10.0\VC\bin\link.exe /ERRORREPORT:PROMPT /OUT:"C:\Users\Skakke\Desktop\CubeWorldsistasistakanske\CubeWorld\Code\../Bin/x86/CubeWorldD.exe" /INCREMENTAL /NOLOGO x3daudio.lib d3dx10d.lib d3dx9d.lib dxerr.lib dxguid.lib winmm.lib comctl32.lib kernel32.lib user32.lib gdi32.lib winspool.lib comdlg32.lib advapi32.lib shell32.lib ole32.lib oleaut32.lib uuid.lib odbc32.lib odbccp32.lib /MANIFEST /ManifestFile:"C:\Users\Skakke\Desktop\CubeWorldsistasistakanske\CubeWorld\Code\../Obj/x86/Debug/CubeWorldD.exe.intermediate.manifest" /MANIFESTUAC:"level='asInvoker' uiAccess='false'" /DEBUG /PDB:"C:\Users\Skakke\Desktop\CubeWorldsistasistakanske\CubeWorld\Bin\x86\CubeWorldD.pdb" /SUBSYSTEM:WINDOWS /TLBID:1 /DYNAMICBASE:NO /IMPLIB:"C:\Users\Skakke\Desktop\CubeWorldsistasistakanske\CubeWorld\Code\../Bin/x86/CubeWorldD.lib" /MACHINE:X86 C:\Users\Skakke\Desktop\CubeWorldsistasistakanske\CubeWorld\Code\../Obj/x86/Debug/CubeWorldD.exe.embed.manifest.res
         C:\Users\Skakke\Desktop\CubeWorldsistasistakanske\CubeWorld\Code\../Obj/x86/Debug/AABB.obj
         C:\Users\Skakke\Desktop\CubeWorldsistasistakanske\CubeWorld\Code\../Obj/x86/Debug/Camera.obj
         C:\Users\Skakke\Desktop\CubeWorldsistasistakanske\CubeWorld\Code\../Obj/x86/Debug/Cube.obj
         C:\Users\Skakke\Desktop\CubeWorldsistasistakanske\CubeWorld\Code\../Obj/x86/Debug/Effects.obj
         C:\Users\Skakke\Desktop\CubeWorldsistasistakanske\CubeWorld\Code\../Obj/x86/Debug/Enemy.obj
         C:\Users\Skakke\Desktop\CubeWorldsistasistakanske\CubeWorld\Code\../Obj/x86/Debug/Highscore.obj
         C:\Users\Skakke\Desktop\CubeWorldsistasistakanske\CubeWorld\Code\../Obj/x86/Debug/HUD.obj
         C:\Users\Skakke\Desktop\CubeWorldsistasistakanske\CubeWorld\Code\../Obj/x86/Debug/DeadCube.obj
         C:\Users\Skakke\Desktop\CubeWorldsistasistakanske\CubeWorld\Code\../Obj/x86/Debug/InputLayouts.obj
         C:\Users\Skakke\Desktop\CubeWorldsistasistakanske\CubeWorld\Code\../Obj/x86/Debug/Level.obj
         C:\Users\Skakke\Desktop\CubeWorldsistasistakanske\CubeWorld\Code\../Obj/x86/Debug/LevelHandler.obj
         C:\Users\Skakke\Desktop\CubeWorldsistasistakanske\CubeWorld\Code\../Obj/x86/Debug/Light.obj
         C:\Users\Skakke\Desktop\CubeWorldsistasistakanske\CubeWorld\Code\../Obj/x86/Debug/LoadModel.obj
         C:\Users\Skakke\Desktop\CubeWorldsistasistakanske\CubeWorld\Code\../Obj/x86/Debug/Menu.obj
         C:\Users\Skakke\Desktop\CubeWorldsistasistakanske\CubeWorld\Code\../Obj/x86/Debug/MenuObjects.obj
         C:\Users\Skakke\Desktop\CubeWorldsistasistakanske\CubeWorld\Code\../Obj/x86/Debug/MenuText.obj
         C:\Users\Skakke\Desktop\CubeWorldsistasistakanske\CubeWorld\Code\../Obj/x86/Debug/ModelType.obj
         C:\Users\Skakke\Desktop\CubeWorldsistasistakanske\CubeWorld\Code\../Obj/x86/Debug/ModelInstance.obj
         C:\Users\Skakke\Desktop\CubeWorldsistasistakanske\CubeWorld\Code\../Obj/x86/Debug/Octree.obj
         C:\Users\Skakke\Desktop\CubeWorldsistasistakanske\CubeWorld\Code\../Obj/x86/Debug/OtherModels.obj
         C:\Users\Skakke\Desktop\CubeWorldsistasistakanske\CubeWorld\Code\../Obj/x86/Debug/Particle.obj
         C:\Users\Skakke\Desktop\CubeWorldsistasistakanske\CubeWorld\Code\../Obj/x86/Debug/Particle2.obj
         C:\Users\Skakke\Desktop\CubeWorldsistasistakanske\CubeWorld\Code\../Obj/x86/Debug/Powerup.obj
         C:\Users\Skakke\Desktop\CubeWorldsistasistakanske\CubeWorld\Code\../Obj/x86/Debug/Side.obj
         C:\Users\Skakke\Desktop\CubeWorldsistasistakanske\CubeWorld\Code\../Obj/x86/Debug/Sky.obj
         C:\Users\Skakke\Desktop\CubeWorldsistasistakanske\CubeWorld\Code\../Obj/x86/Debug/SoundManager.obj
         C:\Users\Skakke\Desktop\CubeWorldsistasistakanske\CubeWorld\Code\../Obj/x86/Debug/Text.obj
         C:\Users\Skakke\Desktop\CubeWorldsistasistakanske\CubeWorld\Code\../Obj/x86/Debug/TextureManager.obj
         C:\Users\Skakke\Desktop\CubeWorldsistasistakanske\CubeWorld\Code\../Obj/x86/Debug/VolumeObject.obj
         C:\Users\Skakke\Desktop\CubeWorldsistasistakanske\CubeWorld\Code\../Obj/x86/Debug/Wavefile.obj
         C:\Users\Skakke\Desktop\CubeWorldsistasistakanske\CubeWorld\Code\../Obj/x86/Debug/Winmain.obj
       Manifest:
         C:\Program Files (x86)\Microsoft SDKs\Windows\v7.0A\bin\mt.exe /nologo /verbose /out:"C:\Users\Skakke\Desktop\CubeWorldsistasistakanske\CubeWorld\Code\../Obj/x86/Debug/CubeWorldD.exe.embed.manifest" /manifest C:\Users\Skakke\Desktop\CubeWorldsistasistakanske\CubeWorld\Code\../Obj/x86/Debug/CubeWorldD.exe.intermediate.manifest
         All outputs are up-to-date.
       LinkEmbedManifest:
         All outputs are up-to-date.
         CubeWorld.vcxproj -> C:\Users\Skakke\Desktop\CubeWorldsistasistakanske\CubeWorld\Code\../Bin/x86/CubeWorldD.exe
       FinalizeBuildStatus:
         Deleting file "C:\Users\Skakke\Desktop\CubeWorldsistasistakanske\CubeWorld\Code\../Obj/x86/Debug/CubeWorld.unsuccessfulbuild".
         Touching "C:\Users\Skakke\Desktop\CubeWorldsistasistakanske\CubeWorld\Code\../Obj/x86/Debug/CubeWorld.lastbuildstate".
     1>Done Building Project "C:\Users\Skakke\Desktop\CubeWorldsistasistakanske\CubeWorld\Code\CubeWorld.vcxproj" (build target(s)).

Build succeeded.

Time Elapsed 00:00:03.87
