C:\USERS\MARCO\DESKTOP\CUBEWORLD\BIN\X86\CUBEWORLDD.EXE
C:\USERS\MARCO\DESKTOP\CUBEWORLD\BIN\X86\CUBEWORLDD.ILK
C:\USERS\MARCO\DESKTOP\CUBEWORLD\BIN\X86\CUBEWORLDD.PDB
C:\Users\Marco\Desktop\CubeWorld\Code\[outputdir]\hud.fxo
C:\Users\Marco\Desktop\CubeWorld\Code\[outputdir]\light.fxo
C:\Users\Marco\Desktop\CubeWorld\Code\[outputdir]\sky.fxo
C:\Users\Marco\Desktop\CubeWorld\Code\[outputdir]\vertex.fxo
C:\USERS\MARCO\DESKTOP\CUBEWORLD\OBJ\X86\DEBUG\AABB.OBJ
C:\USERS\MARCO\DESKTOP\CUBEWORLD\OBJ\X86\DEBUG\CAMERA.OBJ
C:\USERS\MARCO\DESKTOP\CUBEWORLD\OBJ\X86\DEBUG\CUBE.OBJ
C:\USERS\MARCO\DESKTOP\CUBEWORLD\OBJ\X86\DEBUG\CUBEWORLDD.EXE.EMBED.MANIFEST
C:\USERS\MARCO\DESKTOP\CUBEWORLD\OBJ\X86\DEBUG\CUBEWORLDD.EXE.EMBED.MANIFEST.RES
C:\USERS\MARCO\DESKTOP\CUBEWORLD\OBJ\X86\DEBUG\CUBEWORLDD.EXE.INTERMEDIATE.MANIFEST
C:\USERS\MARCO\DESKTOP\CUBEWORLD\OBJ\X86\DEBUG\EFFECTS.OBJ
C:\USERS\MARCO\DESKTOP\CUBEWORLD\OBJ\X86\DEBUG\ENEMY.OBJ
C:\USERS\MARCO\DESKTOP\CUBEWORLD\OBJ\X86\DEBUG\HUD.OBJ
C:\USERS\MARCO\DESKTOP\CUBEWORLD\OBJ\X86\DEBUG\INPUTLAYOUTS.OBJ
C:\USERS\MARCO\DESKTOP\CUBEWORLD\OBJ\X86\DEBUG\LEVEL.OBJ
C:\USERS\MARCO\DESKTOP\CUBEWORLD\OBJ\X86\DEBUG\LEVELHANDLER.OBJ
C:\USERS\MARCO\DESKTOP\CUBEWORLD\OBJ\X86\DEBUG\LIGHT.OBJ
C:\USERS\MARCO\DESKTOP\CUBEWORLD\OBJ\X86\DEBUG\LOADMODEL.OBJ
C:\USERS\MARCO\DESKTOP\CUBEWORLD\OBJ\X86\DEBUG\MENU.OBJ
C:\USERS\MARCO\DESKTOP\CUBEWORLD\OBJ\X86\DEBUG\MODELINSTANCE.OBJ
C:\USERS\MARCO\DESKTOP\CUBEWORLD\OBJ\X86\DEBUG\MODELTYPE.OBJ
C:\USERS\MARCO\DESKTOP\CUBEWORLD\OBJ\X86\DEBUG\OCTREE.OBJ
C:\USERS\MARCO\DESKTOP\CUBEWORLD\OBJ\X86\DEBUG\OTHERMODELS.OBJ
C:\USERS\MARCO\DESKTOP\CUBEWORLD\OBJ\X86\DEBUG\POWERUP.OBJ
C:\USERS\MARCO\DESKTOP\CUBEWORLD\OBJ\X86\DEBUG\SIDE.OBJ
C:\USERS\MARCO\DESKTOP\CUBEWORLD\OBJ\X86\DEBUG\SKY.OBJ
C:\USERS\MARCO\DESKTOP\CUBEWORLD\OBJ\X86\DEBUG\SOUNDMANAGER.OBJ
C:\USERS\MARCO\DESKTOP\CUBEWORLD\OBJ\X86\DEBUG\TEXT.OBJ
C:\USERS\MARCO\DESKTOP\CUBEWORLD\OBJ\X86\DEBUG\TEXTUREMANAGER.OBJ
C:\USERS\MARCO\DESKTOP\CUBEWORLD\OBJ\X86\DEBUG\WAVEFILE.OBJ
C:\USERS\MARCO\DESKTOP\CUBEWORLD\OBJ\X86\DEBUG\VC100.PDB
C:\USERS\MARCO\DESKTOP\CUBEWORLD\OBJ\X86\DEBUG\WINMAIN.OBJ
C:\Users\Skakke\Desktop\CubeWorldsistasistakanske\CubeWorld\Code\../Bin/x86/CubeWorldD.exe
C:\Users\Skakke\Desktop\CubeWorldsistasistakanske\CubeWorld\Code\../Bin/x86/CubeWorldD.ilk
C:\Users\Skakke\Desktop\CubeWorldsistasistakanske\CubeWorld\Code\../Bin/x86/CubeWorldD.pdb
C:\Users\Skakke\Desktop\CubeWorldsistasistakanske\CubeWorld\Code\[outputdir]\hud.fxo
C:\Users\Skakke\Desktop\CubeWorldsistasistakanske\CubeWorld\Code\[outputdir]\light.fxo
C:\Users\Skakke\Desktop\CubeWorldsistasistakanske\CubeWorld\Code\[outputdir]\sky.fxo
C:\Users\Skakke\Desktop\CubeWorldsistasistakanske\CubeWorld\Code\[outputdir]\vertex.fxo
C:\USERS\SKAKKE\DESKTOP\CUBEWORLDSISTASISTAKANSKE\CUBEWORLD\OBJ\X86\DEBUG\AABB.OBJ
C:\USERS\SKAKKE\DESKTOP\CUBEWORLDSISTASISTAKANSKE\CUBEWORLD\OBJ\X86\DEBUG\CAMERA.OBJ
C:\Users\Skakke\Desktop\CubeWorldsistasistakanske\CubeWorld\Obj\x86\Debug\cl.command.1.tlog
C:\Users\Skakke\Desktop\CubeWorldsistasistakanske\CubeWorld\Obj\x86\Debug\CL.read.1.tlog
C:\Users\Skakke\Desktop\CubeWorldsistasistakanske\CubeWorld\Obj\x86\Debug\CL.write.1.tlog
C:\USERS\SKAKKE\DESKTOP\CUBEWORLDSISTASISTAKANSKE\CUBEWORLD\OBJ\X86\DEBUG\CUBE.OBJ
C:\Users\Skakke\Desktop\CubeWorldsistasistakanske\CubeWorld\Obj\x86\Debug\CubeWorld.write.1.tlog
C:\Users\Skakke\Desktop\CubeWorldsistasistakanske\CubeWorld\Obj\x86\Debug\CubeWorldD.exe.embed.manifest
C:\Users\Skakke\Desktop\CubeWorldsistasistakanske\CubeWorld\Obj\x86\Debug\CubeWorldD.exe.intermediate.manifest
C:\Users\Skakke\Desktop\CubeWorldsistasistakanske\CubeWorld\Obj\x86\Debug\CubeWorldD_manifest.rc
C:\USERS\SKAKKE\DESKTOP\CUBEWORLDSISTASISTAKANSKE\CUBEWORLD\OBJ\X86\DEBUG\EFFECTS.OBJ
C:\USERS\SKAKKE\DESKTOP\CUBEWORLDSISTASISTAKANSKE\CUBEWORLD\OBJ\X86\DEBUG\ENEMY.OBJ
C:\USERS\SKAKKE\DESKTOP\CUBEWORLDSISTASISTAKANSKE\CUBEWORLD\OBJ\X86\DEBUG\HUD.OBJ
C:\USERS\SKAKKE\DESKTOP\CUBEWORLDSISTASISTAKANSKE\CUBEWORLD\OBJ\X86\DEBUG\INPUTLAYOUTS.OBJ
C:\USERS\SKAKKE\DESKTOP\CUBEWORLDSISTASISTAKANSKE\CUBEWORLD\OBJ\X86\DEBUG\LEVEL.OBJ
C:\USERS\SKAKKE\DESKTOP\CUBEWORLDSISTASISTAKANSKE\CUBEWORLD\OBJ\X86\DEBUG\LEVELHANDLER.OBJ
C:\USERS\SKAKKE\DESKTOP\CUBEWORLDSISTASISTAKANSKE\CUBEWORLD\OBJ\X86\DEBUG\LIGHT.OBJ
C:\Users\Skakke\Desktop\CubeWorldsistasistakanske\CubeWorld\Obj\x86\Debug\link.1776.read.1.tlog
C:\Users\Skakke\Desktop\CubeWorldsistasistakanske\CubeWorld\Obj\x86\Debug\link.1776.write.1.tlog
C:\Users\Skakke\Desktop\CubeWorldsistasistakanske\CubeWorld\Obj\x86\Debug\link.1776-cvtres.read.1.tlog
C:\Users\Skakke\Desktop\CubeWorldsistasistakanske\CubeWorld\Obj\x86\Debug\link.1776-cvtres.write.1.tlog
C:\Users\Skakke\Desktop\CubeWorldsistasistakanske\CubeWorld\Obj\x86\Debug\link.4200.read.1.tlog
C:\Users\Skakke\Desktop\CubeWorldsistasistakanske\CubeWorld\Obj\x86\Debug\link.4200.write.1.tlog
C:\Users\Skakke\Desktop\CubeWorldsistasistakanske\CubeWorld\Obj\x86\Debug\link.4200-cvtres.read.1.tlog
C:\Users\Skakke\Desktop\CubeWorldsistasistakanske\CubeWorld\Obj\x86\Debug\link.4200-cvtres.write.1.tlog
C:\Users\Skakke\Desktop\CubeWorldsistasistakanske\CubeWorld\Obj\x86\Debug\link.command.1.tlog
C:\Users\Skakke\Desktop\CubeWorldsistasistakanske\CubeWorld\Obj\x86\Debug\link.read.1.tlog
C:\Users\Skakke\Desktop\CubeWorldsistasistakanske\CubeWorld\Obj\x86\Debug\link.write.1.tlog
C:\Users\Skakke\Desktop\CubeWorldsistasistakanske\CubeWorld\Obj\x86\Debug\link-cvtres.read.1.tlog
C:\Users\Skakke\Desktop\CubeWorldsistasistakanske\CubeWorld\Obj\x86\Debug\link-cvtres.write.1.tlog
C:\USERS\SKAKKE\DESKTOP\CUBEWORLDSISTASISTAKANSKE\CUBEWORLD\OBJ\X86\DEBUG\LOADMODEL.OBJ
C:\USERS\SKAKKE\DESKTOP\CUBEWORLDSISTASISTAKANSKE\CUBEWORLD\OBJ\X86\DEBUG\MENU.OBJ
C:\USERS\SKAKKE\DESKTOP\CUBEWORLDSISTASISTAKANSKE\CUBEWORLD\OBJ\X86\DEBUG\MENUOBJECTS.OBJ
C:\USERS\SKAKKE\DESKTOP\CUBEWORLDSISTASISTAKANSKE\CUBEWORLD\OBJ\X86\DEBUG\MODELINSTANCE.OBJ
C:\USERS\SKAKKE\DESKTOP\CUBEWORLDSISTASISTAKANSKE\CUBEWORLD\OBJ\X86\DEBUG\MODELTYPE.OBJ
C:\Users\Skakke\Desktop\CubeWorldsistasistakanske\CubeWorld\Obj\x86\Debug\mt.command.1.tlog
C:\Users\Skakke\Desktop\CubeWorldsistasistakanske\CubeWorld\Obj\x86\Debug\mt.read.1.tlog
C:\Users\Skakke\Desktop\CubeWorldsistasistakanske\CubeWorld\Obj\x86\Debug\mt.write.1.tlog
C:\USERS\SKAKKE\DESKTOP\CUBEWORLDSISTASISTAKANSKE\CUBEWORLD\OBJ\X86\DEBUG\OCTREE.OBJ
C:\USERS\SKAKKE\DESKTOP\CUBEWORLDSISTASISTAKANSKE\CUBEWORLD\OBJ\X86\DEBUG\OTHERMODELS.OBJ
C:\USERS\SKAKKE\DESKTOP\CUBEWORLDSISTASISTAKANSKE\CUBEWORLD\OBJ\X86\DEBUG\POWERUP.OBJ
C:\Users\Skakke\Desktop\CubeWorldsistasistakanske\CubeWorld\Obj\x86\Debug\rc.command.1.tlog
C:\Users\Skakke\Desktop\CubeWorldsistasistakanske\CubeWorld\Obj\x86\Debug\rc.read.1.tlog
C:\Users\Skakke\Desktop\CubeWorldsistasistakanske\CubeWorld\Obj\x86\Debug\rc.write.1.tlog
C:\USERS\SKAKKE\DESKTOP\CUBEWORLDSISTASISTAKANSKE\CUBEWORLD\OBJ\X86\DEBUG\SIDE.OBJ
C:\USERS\SKAKKE\DESKTOP\CUBEWORLDSISTASISTAKANSKE\CUBEWORLD\OBJ\X86\DEBUG\SKY.OBJ
C:\USERS\SKAKKE\DESKTOP\CUBEWORLDSISTASISTAKANSKE\CUBEWORLD\OBJ\X86\DEBUG\SOUNDMANAGER.OBJ
C:\USERS\SKAKKE\DESKTOP\CUBEWORLDSISTASISTAKANSKE\CUBEWORLD\OBJ\X86\DEBUG\TEXT.OBJ
C:\USERS\SKAKKE\DESKTOP\CUBEWORLDSISTASISTAKANSKE\CUBEWORLD\OBJ\X86\DEBUG\TEXTUREMANAGER.OBJ
C:\USERS\SKAKKE\DESKTOP\CUBEWORLDSISTASISTAKANSKE\CUBEWORLD\OBJ\X86\DEBUG\WAVEFILE.OBJ
C:\Users\Skakke\Desktop\CubeWorldsistasistakanske\CubeWorld\Obj\x86\Debug\vc100.idb
C:\USERS\SKAKKE\DESKTOP\CUBEWORLDSISTASISTAKANSKE\CUBEWORLD\OBJ\X86\DEBUG\VC100.PDB
C:\USERS\SKAKKE\DESKTOP\CUBEWORLDSISTASISTAKANSKE\CUBEWORLD\OBJ\X86\DEBUG\WINMAIN.OBJ
